# Logfile created on 2014-02-24 15:47:37 -0500 by logger.rb/44203
I, [2014-02-24T15:47:37.029480 #4185]  INFO -- : 0:  diff-lcs (1.2.5) from /home/tim/.rvm/gems/ruby-2.1.0/specifications/diff-lcs-1.2.5.gemspec
I, [2014-02-24T15:47:39.628976 #4185]  INFO -- : 0:  pdf-core (0.1.6) from /home/tim/.rvm/gems/ruby-2.1.0/specifications/pdf-core-0.1.6.gemspec
I, [2014-02-24T15:47:43.952405 #4185]  INFO -- : 0:  ttfunk (1.1.1) from /home/tim/.rvm/gems/ruby-2.1.0/specifications/ttfunk-1.1.1.gemspec
I, [2014-02-24T15:47:50.599587 #4185]  INFO -- : 0:  prawn (0.15.0) from /home/tim/.rvm/gems/ruby-2.1.0/specifications/prawn-0.15.0.gemspec
I, [2014-02-24T15:47:50.600753 #4185]  INFO -- : 0:  rspec-core (2.14.7) from /home/tim/.rvm/gems/ruby-2.1.0/specifications/rspec-core-2.14.7.gemspec
I, [2014-02-24T15:47:50.602007 #4185]  INFO -- : 0:  rspec-expectations (2.14.5) from /home/tim/.rvm/gems/ruby-2.1.0/specifications/rspec-expectations-2.14.5.gemspec
I, [2014-02-24T15:47:50.603032 #4185]  INFO -- : 0:  rspec-mocks (2.14.6) from /home/tim/.rvm/gems/ruby-2.1.0/specifications/rspec-mocks-2.14.6.gemspec
I, [2014-02-24T15:47:50.603985 #4185]  INFO -- : 0:  rspec (2.14.1) from /home/tim/.rvm/gems/ruby-2.1.0/specifications/rspec-2.14.1.gemspec
I, [2014-02-24T15:47:50.604880 #4185]  INFO -- : 0:  bundler (1.5.0) from /home/tim/.rvm/gems/ruby-2.1.0@global/specifications/bundler-1.5.0.gemspec
I, [2014-02-25T10:34:53.775131 #17575]  INFO -- : 0:  i18n (0.6.9) from /home/twade/.rvm/gems/ruby-2.1.0/specifications/i18n-0.6.9.gemspec
I, [2014-02-25T10:34:54.079476 #17575]  INFO -- : 0:  minitest (4.7.5) from /home/twade/.rvm/gems/ruby-2.1.0/specifications/minitest-4.7.5.gemspec
I, [2014-02-25T10:34:54.079819 #17575]  INFO -- : 0:  multi_json (1.8.4) from /home/twade/.rvm/gems/ruby-2.1.0/specifications/multi_json-1.8.4.gemspec
I, [2014-02-25T10:34:54.080037 #17575]  INFO -- : 0:  atomic (1.1.14) from /home/twade/.rvm/gems/ruby-2.1.0/specifications/atomic-1.1.14.gemspec
I, [2014-02-25T10:34:54.080237 #17575]  INFO -- : 0:  thread_safe (0.1.3) from /home/twade/.rvm/gems/ruby-2.1.0/specifications/thread_safe-0.1.3.gemspec
I, [2014-02-25T10:34:54.080444 #17575]  INFO -- : 0:  tzinfo (0.3.38) from /home/twade/.rvm/gems/ruby-2.1.0/specifications/tzinfo-0.3.38.gemspec
I, [2014-02-25T10:34:55.936990 #17575]  INFO -- : 0:  activesupport (4.0.3) from /home/twade/.rvm/gems/ruby-2.1.0/specifications/activesupport-4.0.3.gemspec
I, [2014-02-25T10:34:55.937331 #17575]  INFO -- : 0:  builder (3.1.4) from /home/twade/.rvm/gems/ruby-2.1.0/specifications/builder-3.1.4.gemspec
I, [2014-02-25T10:34:57.150696 #17575]  INFO -- : 0:  activemodel (4.0.3) from /home/twade/.rvm/gems/ruby-2.1.0/specifications/activemodel-4.0.3.gemspec
I, [2014-02-25T10:34:57.150997 #17575]  INFO -- : 0:  diff-lcs (1.2.5) from /home/twade/.rvm/gems/ruby-2.1.0/specifications/diff-lcs-1.2.5.gemspec
I, [2014-02-25T10:34:58.228945 #17575]  INFO -- : 0:  pdf-core (0.1.6) from /home/twade/.rvm/gems/ruby-2.1.0/specifications/pdf-core-0.1.6.gemspec
I, [2014-02-25T10:34:59.943294 #17575]  INFO -- : 0:  ttfunk (1.1.1) from /home/twade/.rvm/gems/ruby-2.1.0/specifications/ttfunk-1.1.1.gemspec
I, [2014-02-25T10:35:02.178408 #17575]  INFO -- : 0:  prawn (0.15.0) from /home/twade/.rvm/gems/ruby-2.1.0/specifications/prawn-0.15.0.gemspec
I, [2014-02-25T10:35:02.178749 #17575]  INFO -- : 0:  rspec-core (2.14.7) from /home/twade/.rvm/gems/ruby-2.1.0/specifications/rspec-core-2.14.7.gemspec
I, [2014-02-25T10:35:02.178981 #17575]  INFO -- : 0:  rspec-expectations (2.14.5) from /home/twade/.rvm/gems/ruby-2.1.0/specifications/rspec-expectations-2.14.5.gemspec
I, [2014-02-25T10:35:03.029809 #17575]  INFO -- : 0:  rspec-mocks (2.14.6) from /home/twade/.rvm/gems/ruby-2.1.0/specifications/rspec-mocks-2.14.6.gemspec
I, [2014-02-25T10:35:03.030092 #17575]  INFO -- : 0:  rspec (2.14.1) from /home/twade/.rvm/gems/ruby-2.1.0/specifications/rspec-2.14.1.gemspec
I, [2014-02-25T10:35:03.030300 #17575]  INFO -- : 0:  bundler (1.5.0) from /home/twade/.rvm/gems/ruby-2.1.0@global/specifications/bundler-1.5.0.gemspec
